生成启动时间为 2019/1/29 15:30:09。
     1>项目“G:\_github\Hook_ws2_32.dll\Remote\Remote.vcxproj”在节点 2 上(Build 个目标)。
     1>ClCompile:
         D:\VS2013\VC\bin\CL.exe /c /ZI /nologo /W3 /WX- /sdl /Od /Oy- /D WIN32 /D _WINDOWS /D _DEBUG /D _UNICODE /D UNICODE /Gm /EHsc /RTC1 /MTd /GS /fp:precise /Zc:wchar_t /Zc:forScope /Yu"stdafx.h" /Fp"Debug\Remote.pch" /Fo"Debug\\" /Fd"Debug\vc120.pdb" /Gd /TP /analyze- /errorReport:prompt Remote.cpp RemoteDlg.cpp
         RemoteDlg.cpp
     1>g:\_github\hook_ws2_32.dll\remote\remotedlg.cpp(173): warning C4101: “path”: 未引用的局部变量
         正在生成代码...
         正在编译...
         Remote.cpp
         正在生成代码...
       ResourceCompile:
         C:\Program Files (x86)\Windows Kits\8.1\bin\x86\rc.exe /D _DEBUG /D _UNICODE /D UNICODE /l"0x0804" /IDebug\ /nologo /fo"Debug\Remote.res" Remote.rc 
       Link:
         D:\VS2013\VC\bin\link.exe /ERRORREPORT:PROMPT /OUT:"G:\_github\Hook_ws2_32.dll\Debug\Remote.exe" /INCREMENTAL /NOLOGO /MANIFEST /MANIFESTUAC:"level='requireAdministrator' uiAccess='false'" /manifest:embed /manifestinput:D:\VS2013\VC\Include\Manifest\dpiaware.manifest /DEBUG /PDB:"G:\_github\Hook_ws2_32.dll\Debug\Remote.pdb" /SUBSYSTEM:WINDOWS /TLBID:1 /ENTRY:"wWinMainCRTStartup" /DYNAMICBASE /NXCOMPAT /IMPLIB:"G:\_github\Hook_ws2_32.dll\Debug\Remote.lib" /MACHINE:X86 Debug\Remote.res
         Debug\Remote.obj
         Debug\RemoteDlg.obj
         Debug\stdafx.obj
         Remote.vcxproj -> G:\_github\Hook_ws2_32.dll\Debug\Remote.exe
     1>已完成生成项目“G:\_github\Hook_ws2_32.dll\Remote\Remote.vcxproj”(Build 个目标)的操作。

生成成功。

已用时间 00:00:01.54
