生成启动时间为 2019/1/29 15:40:43。
     1>项目“G:\_github\Hook_ws2_32.dll\Remote\Remote.vcxproj”在节点 2 上(Rebuild 个目标)。
     1>ClCompile:
         D:\VS2013\VC\bin\CL.exe /c /Zi /nologo /W3 /WX- /sdl /O2 /Oi /Oy- /GL /D WIN32 /D _WINDOWS /D NDEBUG /D _UNICODE /D UNICODE /Gm- /EHsc /MT /GS /Gy /fp:precise /Zc:wchar_t /Zc:forScope /Yc"stdafx.h" /Fp"Release\Remote.pch" /Fo"Release\\" /Fd"Release\vc120.pdb" /Gd /TP /analyze- /errorReport:prompt stdafx.cpp
         stdafx.cpp
         D:\VS2013\VC\bin\CL.exe /c /Zi /nologo /W3 /WX- /sdl /O2 /Oi /Oy- /GL /D WIN32 /D _WINDOWS /D NDEBUG /D _UNICODE /D UNICODE /Gm- /EHsc /MT /GS /Gy /fp:precise /Zc:wchar_t /Zc:forScope /Yu"stdafx.h" /Fp"Release\Remote.pch" /Fo"Release\\" /Fd"Release\vc120.pdb" /Gd /TP /analyze- /errorReport:prompt Remote.cpp RemoteDlg.cpp
         Remote.cpp
         RemoteDlg.cpp
     1>RemoteDlg.cpp(173): warning C4101: “path”: 未引用的局部变量
       ResourceCompile:
         C:\Program Files (x86)\Windows Kits\8.1\bin\x86\rc.exe /D NDEBUG /D _UNICODE /D UNICODE /l"0x0804" /IRelease\ /nologo /fo"Release\Remote.res" Remote.rc 
       Link:
         D:\VS2013\VC\bin\link.exe /ERRORREPORT:PROMPT /OUT:"G:\_github\Hook_ws2_32.dll\Release\Remote.exe" /INCREMENTAL:NO /NOLOGO /MANIFEST /MANIFESTUAC:"level='requireAdministrator' uiAccess='false'" /manifest:embed /manifestinput:D:\VS2013\VC\Include\Manifest\dpiaware.manifest /DEBUG /PDB:"G:\_github\Hook_ws2_32.dll\Release\Remote.pdb" /SUBSYSTEM:WINDOWS /OPT:REF /OPT:ICF /LTCG /TLBID:1 /ENTRY:"wWinMainCRTStartup" /DYNAMICBASE /NXCOMPAT /IMPLIB:"G:\_github\Hook_ws2_32.dll\Release\Remote.lib" /MACHINE:X86 /SAFESEH Release\Remote.res
         Release\Remote.obj
         Release\RemoteDlg.obj
         Release\stdafx.obj
         正在生成代码
         已完成代码的生成
         Remote.vcxproj -> G:\_github\Hook_ws2_32.dll\Release\Remote.exe
     1>已完成生成项目“G:\_github\Hook_ws2_32.dll\Remote\Remote.vcxproj”(Rebuild 个目标)的操作。

生成成功。

已用时间 00:00:05.10
